<?xml version="1.0" encoding="UTF-8"?>
<!-- Generated by org.testng.reporters.JUnitReportReporter -->
<testsuite skipped="0" hostname="INUH102529" name="com.tests.LoginTest" tests="2" failures="0" timestamp="12 May 2020 09:50:17 GMT" time="17.489" errors="0">
  <testcase name="freeCrmTitleTest" time="6.674" classname="com.tests.LoginTest"/>
  <testcase name="freemCRMLogoTest" time="10.815" classname="com.tests.LoginTest"/>
</testsuite> <!-- com.tests.LoginTest -->
