<?xml version="1.0" encoding="UTF-8"?>
<!-- Generated by org.testng.reporters.JUnitReportReporter -->
<testsuite skipped="0" hostname="INUH102529" name="com.tests.LoginTest" tests="2" failures="0" timestamp="13 May 2020 18:35:27 GMT" time="16.334" errors="0">
  <testcase name="freeCrmTitleTest" time="6.486" classname="com.tests.LoginTest"/>
  <testcase name="freemCRMLogoTest" time="9.848" classname="com.tests.LoginTest"/>
</testsuite> <!-- com.tests.LoginTest -->
